<component name="libraryTable">
  <library name="junit-platform-console-standalone-1.9.4">
    <CLASSES>
      <root url="jar://$PROJECT_DIR$/DAM1 24-25 BRD/src/out/production/DAM1 24-25 BRD/ud2/Practicas/lib/junit-platform-console-standalone-1.9.3.jar!/" />
    </CLASSES>
    <JAVADOC />
    <SOURCES />
  </library>
</component>