<component name="libraryTable">
  <library name="junit-platform-console-standalone-1.9.5">
    <CLASSES>
      <root url="jar://$PROJECT_DIR$/out/production/java_project/ud2/Practicas/lib/junit-platform-console-standalone-1.9.3.jar!/" />
    </CLASSES>
    <JAVADOC />
    <SOURCES />
  </library>
</component>